<?xml version="1.0" encoding="UTF-8"?>
<testng-results skipped="0" failed="0" ignored="0" total="1" passed="1">
  <reporter-output>
  </reporter-output>
  <suite name="Default suite" duration-ms="61" started-at="2022-02-08T22:51:19 IST" finished-at="2022-02-08T22:51:19 IST">
    <groups>
    </groups>
    <test name="Default test" duration-ms="61" started-at="2022-02-08T22:51:19 IST" finished-at="2022-02-08T22:51:19 IST">
      <class name="testCases.TestCase1">
        <test-method status="PASS" signature="abcd()[pri:0, instance:testCases.TestCase1@59e5ddf]" name="abcd" duration-ms="1" started-at="2022-02-08T22:51:19 IST" finished-at="2022-02-08T22:51:19 IST">
          <reporter-output>
          </reporter-output>
        </test-method> <!-- abcd -->
      </class> <!-- testCases.TestCase1 -->
    </test> <!-- Default test -->
  </suite> <!-- Default suite -->
</testng-results>
